2018-02-04 15:17:40,405; main.py started
2018-02-04 15:17:45,353; Process stopped
2018-02-04 16:21:14,665; main.py started
2018-02-04 16:21:18,643; Card detected
2018-02-04 16:21:18,644; Recognized customer Phteven unbekannt. Kdnr: 1003 UID: 1237964559
2018-02-04 16:21:24,337; Card detected
2018-02-04 16:21:24,338; Recognized customer Phteven unbekannt. Kdnr: 1003 UID: 1237964559
2018-02-04 16:21:29,510; Process stopped
2018-02-04 16:42:39,423; main.py started
2018-02-04 16:42:59,770; Process stopped
2018-02-04 16:52:43,436; main.py started
2018-02-04 16:52:48,699; Card detected
2018-02-04 16:52:48,700; Recognized customer Phteven unbekannt. Kdnr: 1003 UID: 1237964559
2018-02-04 16:52:53,354; Process stopped
2018-02-04 16:59:01,643; main.py started
2018-02-04 17:00:02,148; main.py started
2018-02-04 17:00:03,576; Card detected
2018-02-04 17:00:03,577; Recognized customer Phteven unbekannt. Kdnr: 1003 UID: 1237964559
2018-02-04 17:03:14,360; Card detected
2018-02-04 17:03:14,361; Recognized customer Phteven unbekannt. Kdnr: 1003 UID: 1237964559
2018-02-04 18:51:00,763; Card detected
2018-02-04 18:51:00,764; Recognized customer Phteven unbekannt. Kdnr: 1003 UID: 1237964559
2018-02-04 20:44:14,194; Card detected
2018-02-04 20:44:14,195; Recognized customer Phteven unbekannt. Kdnr: 1003 UID: 1237964559
2018-02-04 20:44:18,568; Card detected
2018-02-04 20:44:18,569; Recognized customer Phteven unbekannt. Kdnr: 1003 UID: 1237964559
2018-02-04 21:39:39,663; main.py started
2018-02-04 21:39:39,689; Process stopped
2018-02-04 21:42:38,110; main.py started
2018-02-04 21:42:42,073; Card detected
2018-02-04 21:42:42,075; Created customer Barista unbekannt. Kdnr: 1001 UID: 1237964559
2018-02-04 21:42:47,763; Card detected
2018-02-04 21:42:47,764; Recognized customer Barista unbekannt. Kdnr: 1001 UID: 1237964559
2018-02-04 21:42:52,628; Process stopped
2018-02-04 21:55:46,546; main.py started
2018-02-04 21:56:00,156; Process stopped
2018-02-05 20:11:01,285; main.py started
2018-02-05 20:14:11,854; Card detected
2018-02-05 20:14:11,856; Recognized customer Nico Studer. Kdnr: 1001 UID: 1237964559
2018-02-05 20:21:01,410; main.py started
2018-02-05 20:21:04,154; Card detected
2018-02-05 20:21:04,155; Recognized customer Globi Vogel. Kdnr: 1001 UID: 1237964559
2018-02-05 20:21:08,528; Card detected
2018-02-05 20:21:08,529; Recognized customer Globi Vogel. Kdnr: 1001 UID: 1237964559
2018-02-05 21:04:47,391; main.py started
2018-02-05 21:04:52,718; Card detected
2018-02-05 21:04:52,720; Created customer Barista unbekannt. Kdnr: 1001 UID: 1237964559
2018-02-05 21:04:57,101; Card detected
2018-02-05 21:04:57,102; Recognized customer Barista unbekannt. Kdnr: 1001 UID: 1237964559
2018-02-05 21:08:46,660; Card detected
2018-02-05 21:08:46,662; Recognized customer Barista unbekannt. Kdnr: 1001 UID: 1237964559
2018-02-05 21:09:18,773; main.py started
2018-02-05 21:09:30,450; Card detected
2018-02-05 21:09:30,452; Recognized customer Barista unbekannt. Kdnr: 1001 UID: 1237964559
2018-02-05 21:09:35,214; Process stopped
2018-02-05 21:09:35,979; Process stopped
2018-02-05 21:10:31,603; main.py started
2018-02-05 21:10:31,630; Process stopped
2018-02-05 21:12:38,560; main.py started
2018-02-05 21:12:38,587; Process stopped
2018-02-05 21:13:05,038; main.py started
2018-02-05 21:13:05,065; Process stopped
2018-02-05 21:13:39,837; main.py started
2018-02-05 21:13:39,864; Process stopped
2018-02-05 21:14:07,312; main.py started
2018-02-05 21:14:11,345; Card detected
2018-02-05 21:14:11,346; Recognized customer Nico Studer. Kdnr: 1001 UID: 1237964559
2018-02-05 21:14:20,283; Process stopped
2018-02-05 21:14:40,617; main.py started
2018-02-05 21:15:00,589; Card detected
2018-02-05 21:15:00,590; Recognized customer Nico Studer. Kdnr: 1001 UID: 1237964559
2018-02-05 21:15:04,964; Card detected
2018-02-05 21:15:04,965; Recognized customer Nico Studer. Kdnr: 1001 UID: 1237964559
2018-02-05 21:15:09,337; Card detected
2018-02-05 21:15:09,338; Recognized customer Nico Studer. Kdnr: 1001 UID: 1237964559
2018-02-05 21:16:22,925; Process stopped
2018-02-05 21:17:35,521; main.py started
2018-02-05 21:17:42,099; Card detected
2018-02-05 21:17:42,100; Recognized customer Michael Huber. Kdnr: 1001 UID: 1237964559
2018-02-05 21:17:54,110; Process stopped
2018-02-05 21:17:59,067; main.py started
2018-02-05 21:18:00,495; Card detected
2018-02-05 21:18:00,496; Recognized customer Nico Studer. Kdnr: 1001 UID: 1237964559
2018-02-05 21:18:13,910; Process stopped
